[18:32:26] [main/INFO]: Using mbed TLS based native cipher.
[18:32:26] [main/INFO]: Using zlib based native compressor.
[18:32:26] [main/INFO]: Enabled Waterfall version git:Waterfall-Bootstrap:1.21-R0.1-SNAPSHOT:de8345a:579
[18:32:26] [main/WARN]: Waterfall has reached end of life and is no longer maintained. We recommend you transition to Velocity (https://papermc.io/software/velocity). For more information, see the announcement (https://forums.papermc.io/threads/1088/).
[18:32:27] [main/INFO]: Not on Windows, attempting to use enhanced EpollEventLoop
[18:32:27] [main/INFO]: Epoll is working, utilising it!
[18:32:27] [main/INFO]: Discovered module: ModuleSpec(name=cmd_alert, file=modules/cmd_alert.jar, provider=JenkinsModuleSource())
[18:32:27] [main/INFO]: Discovered module: ModuleSpec(name=cmd_find, file=modules/cmd_find.jar, provider=JenkinsModuleSource())
[18:32:27] [main/INFO]: Discovered module: ModuleSpec(name=cmd_list, file=modules/cmd_list.jar, provider=JenkinsModuleSource())
[18:32:27] [main/INFO]: Discovered module: ModuleSpec(name=cmd_send, file=modules/cmd_send.jar, provider=JenkinsModuleSource())
[18:32:27] [main/INFO]: Discovered module: ModuleSpec(name=cmd_server, file=modules/cmd_server.jar, provider=JenkinsModuleSource())
[18:32:27] [main/INFO]: Discovered module: ModuleSpec(name=reconnect_yaml, file=modules/reconnect_yaml.jar, provider=JenkinsModuleSource())
[18:32:27] [main/INFO]: Loaded plugin reconnect_yaml version git:reconnect_yaml:1.21-R0.1-SNAPSHOT:de8345a:579 by WaterfallMC
[18:32:27] [main/INFO]: Loaded plugin cmd_find version git:cmd_find:1.21-R0.1-SNAPSHOT:de8345a:579 by WaterfallMC
[18:32:27] [main/INFO]: Loaded plugin cmd_server version git:cmd_server:1.21-R0.1-SNAPSHOT:de8345a:579 by WaterfallMC
[18:32:27] [main/INFO]: Loaded plugin cmd_alert version git:cmd_alert:1.21-R0.1-SNAPSHOT:de8345a:579 by WaterfallMC
[18:32:27] [main/INFO]: Loaded plugin cmd_send version git:cmd_send:1.21-R0.1-SNAPSHOT:de8345a:579 by WaterfallMC
[18:32:27] [main/INFO]: Loaded plugin cmd_list version git:cmd_list:1.21-R0.1-SNAPSHOT:de8345a:579 by WaterfallMC
[18:32:27] [main/WARN]: :>:>:>:>:>:>:>:>:>:>:>:>:>:>:>:>:>:>:>:>:>:>:>
[18:32:27] [main/WARN]: :>  
[18:32:27] [main/WARN]: :>      EAGLERCRAFTXBUNGEE WARNING:
[18:32:27] [main/WARN]: :>  
[18:32:27] [main/WARN]: :>  This plugin wasn't tested to be 'working'
[18:32:27] [main/WARN]: :>  with ANY version of BungeeCord (and forks)
[18:32:27] [main/WARN]: :>  apart from the versions listed below:
[18:32:27] [main/WARN]: :>  
[18:32:27] [main/WARN]: :>  - BungeeCord: 1.21-R0.1-SNAPSHOT:0aa2871:1893
[18:32:27] [main/WARN]: :>  - https://ci.md-5.net/job/BungeeCord/1893/artifact/bootstrap/target/BungeeCord.jar
[18:32:27] [main/WARN]: :>  
[18:32:27] [main/WARN]: :>  - Waterfall: 1.21-R0.1-SNAPSHOT:9ab9e2b:582
[18:32:27] [main/WARN]: :>  - https://api.papermc.io/v2/projects/waterfall/versions/1.21/builds/582/downloads/waterfall-1.21-582.jar
[18:32:27] [main/WARN]: :>  
[18:32:27] [main/WARN]: :>  This is not a Bukkit/Spigot plugin!
[18:32:27] [main/WARN]: :>  
[18:32:27] [main/WARN]: :>  Use "-Deaglerxbungee.stfu=true" to hide
[18:32:27] [main/WARN]: :>  
[18:32:27] [main/WARN]: :>:>:>:>:>:>:>:>:>:>:>:>:>:>:>:>:>:>:>:>:>:>:>
[18:32:27] [main/INFO] [EaglercraftXBungee]: Loading vanilla profile: lax1dude
[18:32:28] [Skin Download Thread #1/INFO] [EaglercraftXBungee]: Loaded vanilla profile: lax1dude
[18:32:28] [main/INFO]: Loaded plugin EaglercraftXBungee version 1.3.6 by lax1dude
[18:32:28] [main/WARN]: Could not load server icon
java.lang.IllegalArgumentException: Server icon must be exactly 64x64 pixels
	at net.md_5.bungee.api.Favicon.create(Favicon.java:80) ~[bungee.jar:git:Waterfall-Bootstrap:1.21-R0.1-SNAPSHOT:de8345a:579]
	at net.md_5.bungee.conf.Configuration.load(Configuration.java:90) ~[bungee.jar:git:Waterfall-Bootstrap:1.21-R0.1-SNAPSHOT:de8345a:579]
	at io.github.waterfallmc.waterfall.conf.WaterfallConfiguration.load(WaterfallConfiguration.java:67) ~[bungee.jar:git:Waterfall-Bootstrap:1.21-R0.1-SNAPSHOT:de8345a:579]
	at net.md_5.bungee.BungeeCord.start(BungeeCord.java:291) ~[bungee.jar:git:Waterfall-Bootstrap:1.21-R0.1-SNAPSHOT:de8345a:579]
	at net.md_5.bungee.BungeeCordLauncher.main(BungeeCordLauncher.java:68) ~[bungee.jar:git:Waterfall-Bootstrap:1.21-R0.1-SNAPSHOT:de8345a:579]
	at net.md_5.bungee.Bootstrap.main(Bootstrap.java:15) ~[bungee.jar:git:Waterfall-Bootstrap:1.21-R0.1-SNAPSHOT:de8345a:579]
[18:32:28] [main/WARN]: Forced host server pvp is not defined
[18:32:28] [main/INFO]: Enabled plugin reconnect_yaml version git:reconnect_yaml:1.21-R0.1-SNAPSHOT:de8345a:579 by WaterfallMC
[18:32:28] [main/INFO]: Enabled plugin cmd_find version git:cmd_find:1.21-R0.1-SNAPSHOT:de8345a:579 by WaterfallMC
[18:32:28] [main/INFO]: Enabled plugin cmd_server version git:cmd_server:1.21-R0.1-SNAPSHOT:de8345a:579 by WaterfallMC
[18:32:28] [main/INFO]: Enabled plugin cmd_alert version git:cmd_alert:1.21-R0.1-SNAPSHOT:de8345a:579 by WaterfallMC
[18:32:28] [main/INFO]: Enabled plugin cmd_send version git:cmd_send:1.21-R0.1-SNAPSHOT:de8345a:579 by WaterfallMC
[18:32:28] [main/INFO]: Enabled plugin cmd_list version git:cmd_list:1.21-R0.1-SNAPSHOT:de8345a:579 by WaterfallMC
[18:32:28] [main/ERROR] [EaglercraftXBungee]: Online mode is set to false! Authentication system has been disabled
[18:32:28] [Netty Boss IO Thread #0/INFO] [EaglercraftXBungee]: Eaglercraft is listening on: /0.0.0.0:8081
[18:32:28] [main/INFO] [EaglercraftXBungee]: Connected to database: jdbc:sqlite:eaglercraft_skins_cache.db
[18:32:28] [main/INFO] [EaglercraftXBungee]: Voice chat disabled, add "allow_voice: true" to your listeners to enable
[18:32:28] [main/INFO]: Enabled plugin EaglercraftXBungee version 1.3.6 by lax1dude
[18:32:28] [Netty Boss IO Thread #1/INFO]: Listening on /127.0.0.1:25577
[18:38:22] [Netty Worker IO Thread #3/INFO] [EaglercraftXBungee]: [/[0:0:0:0:0:0:0:1%0]:42586]: Connected via websocket
[18:38:22] [Netty Worker IO Thread #3/INFO] [EaglercraftXBungee]: [/[0:0:0:0:0:0:0:1%0]:42586]: Origin header is null
[18:38:22] [Netty Worker IO Thread #3/INFO] [EaglercraftXBungee]: [/[0:0:0:0:0:0:0:1%0]:42586]: Logged in as 'gaynickis____azX'
[18:38:22] [Netty Worker IO Thread #3/INFO]: [/[0:0:0:0:0:0:0:1%0]:42586|gaynickis____azX] -> UpstreamBridge has connected
[18:38:22] [Netty Worker IO Thread #3/INFO]: [gaynickis____azX|/[0:0:0:0:0:0:0:1%0]:42586] <-> ServerConnector [lobby] has connected
[18:38:34] [Netty Worker IO Thread #1/INFO] [EaglercraftXBungee]: [/[0:0:0:0:0:0:0:1%0]:33310]: Connected via websocket
[18:38:34] [Netty Worker IO Thread #1/INFO] [EaglercraftXBungee]: [/[0:0:0:0:0:0:0:1%0]:33310]: Origin header is null
[18:38:34] [Netty Worker IO Thread #1/INFO] [EaglercraftXBungee]: [/[0:0:0:0:0:0:0:1%0]:33310]: Logged in as 'kabonk'
[18:38:34] [Netty Worker IO Thread #1/INFO]: [/[0:0:0:0:0:0:0:1%0]:33310|kabonk] -> UpstreamBridge has connected
[18:38:34] [Netty Worker IO Thread #1/INFO]: [kabonk|/[0:0:0:0:0:0:0:1%0]:33310] <-> ServerConnector [lobby] has connected
[18:38:54] [Netty Worker IO Thread #3/INFO]: [gaynickis____azX] disconnected with: Login timed out!
[18:38:54] [Netty Worker IO Thread #3/INFO]: [/[0:0:0:0:0:0:0:1%0]:42586|gaynickis____azX] -> UpstreamBridge has disconnected
[18:38:54] [Netty Worker IO Thread #3/INFO]: [/[0:0:0:0:0:0:0:1%0]:42586|gaynickis____azX] <-> DownstreamBridge <-> [lobby] has disconnected
[18:39:03] [Netty Worker IO Thread #2/INFO] [EaglercraftXBungee]: [/[0:0:0:0:0:0:0:1%0]:41532]: Connected via websocket
[18:39:03] [Netty Worker IO Thread #2/INFO] [EaglercraftXBungee]: [/[0:0:0:0:0:0:0:1%0]:41532]: Origin header is null
[18:39:03] [Netty Worker IO Thread #2/INFO] [EaglercraftXBungee]: [/[0:0:0:0:0:0:0:1%0]:41532]: Logged in as 'gaynickis____azX'
[18:39:03] [Netty Worker IO Thread #2/INFO]: [/[0:0:0:0:0:0:0:1%0]:41532|gaynickis____azX] -> UpstreamBridge has connected
[18:39:03] [Netty Worker IO Thread #2/INFO]: [gaynickis____azX|/[0:0:0:0:0:0:0:1%0]:41532] <-> ServerConnector [lobby] has connected
[18:39:25] [Netty Worker IO Thread #1/INFO]: [/[0:0:0:0:0:0:0:1%0]:33310|kabonk] -> UpstreamBridge has disconnected
[18:39:25] [Netty Worker IO Thread #1/INFO]: [kabonk] disconnected with: Proxy lost connection to server.
[18:39:25] [Netty Worker IO Thread #1/INFO]: [/[0:0:0:0:0:0:0:1%0]:33310|kabonk] <-> DownstreamBridge <-> [lobby] has disconnected
[18:40:32] [Netty Worker IO Thread #0/INFO] [EaglercraftXBungee]: [/[0:0:0:0:0:0:0:1%0]:58894]: Connected via websocket
[18:40:32] [Netty Worker IO Thread #0/INFO] [EaglercraftXBungee]: [/[0:0:0:0:0:0:0:1%0]:58894]: Origin header is null
[18:40:32] [Netty Worker IO Thread #0/INFO] [EaglercraftXBungee]: [/[0:0:0:0:0:0:0:1%0]:58894]: Logged in as 'kabonk'
[18:40:32] [Netty Worker IO Thread #0/INFO]: [/[0:0:0:0:0:0:0:1%0]:58894|kabonk] -> UpstreamBridge has connected
[18:40:32] [Netty Worker IO Thread #0/INFO]: [kabonk|/[0:0:0:0:0:0:0:1%0]:58894] <-> ServerConnector [lobby] has connected
[18:42:40] [Netty Worker IO Thread #0/INFO]: [/[0:0:0:0:0:0:0:1%0]:58894|kabonk] -> UpstreamBridge has disconnected
[18:42:40] [Netty Worker IO Thread #0/INFO]: [kabonk] disconnected with: Proxy lost connection to server.
[18:42:40] [Netty Worker IO Thread #0/INFO]: [/[0:0:0:0:0:0:0:1%0]:58894|kabonk] <-> DownstreamBridge <-> [lobby] has disconnected
[18:42:48] [Netty Worker IO Thread #2/INFO] [EaglercraftXBungee]: [/[0:0:0:0:0:0:0:1%0]:44176]: Connected via websocket
[18:42:48] [Netty Worker IO Thread #2/INFO] [EaglercraftXBungee]: [/[0:0:0:0:0:0:0:1%0]:44176]: Origin header is null
[18:42:48] [Netty Worker IO Thread #2/INFO] [EaglercraftXBungee]: [/[0:0:0:0:0:0:0:1%0]:44176]: Logged in as 'kabonk'
[18:42:48] [Netty Worker IO Thread #2/INFO]: [/[0:0:0:0:0:0:0:1%0]:44176|kabonk] -> UpstreamBridge has connected
[18:42:48] [Netty Worker IO Thread #2/INFO]: [kabonk|/[0:0:0:0:0:0:0:1%0]:44176] <-> ServerConnector [lobby] has connected
[18:44:22] [Netty Worker IO Thread #2/INFO]: [/[0:0:0:0:0:0:0:1%0]:44176|kabonk] -> UpstreamBridge has disconnected
[18:44:22] [Netty Worker IO Thread #2/INFO]: [kabonk] disconnected with: Proxy lost connection to server.
[18:44:22] [Netty Worker IO Thread #2/INFO]: [/[0:0:0:0:0:0:0:1%0]:44176|kabonk] <-> DownstreamBridge <-> [lobby] has disconnected
[18:44:22] [Netty Worker IO Thread #2/INFO]: [/[0:0:0:0:0:0:0:1%0]:41532|gaynickis____azX] -> UpstreamBridge has disconnected
[18:44:22] [Netty Worker IO Thread #2/INFO]: [gaynickis____azX] disconnected with: Proxy lost connection to server.
[18:44:22] [Netty Worker IO Thread #2/INFO]: [/[0:0:0:0:0:0:0:1%0]:41532|gaynickis____azX] <-> DownstreamBridge <-> [lobby] has disconnected
